L 1 "Source\Profiler\region.c"
N// Automatically generated file. Do not edit if you plan to regenerate it.
N#include "region.h"
L 1 "Source\Profiler\region.h" 1
N#ifndef REGION_H
N#define REGION_H
N
Ntypedef struct {
N	unsigned int Start;
N	unsigned int End;
N	char Name[24];
N} REGION_T;
N
Nextern const REGION_T RegionTable[];
Nextern const unsigned NumProfileRegions;
Nextern volatile unsigned RegionCount[];
Nextern unsigned SortedRegions[];
N
N#endif
L 3 "Source\Profiler\region.c" 2
Nconst REGION_T RegionTable[] = {
N	{0x00001c69, 0x00001cd8, "convertCb"}, // 0
N	{0x00001ce5, 0x00001d54, "convertCr"}, // 1
N	{0x00001d61, 0x00001d8a, "copyY"}, // 2
N	{0x00001d9d, 0x00002030, "decodeNextMCU"}, // 3
N	{0x0000240d, 0x00002484, "getBits"}, // 4
N	{0x00002489, 0x000024d4, "getChar"}, // 5
N	{0x000024e1, 0x0000251a, "getOctet"}, // 6
N	{0x00002525, 0x000025d8, "huffDecode"}, // 7
N	{0x000025e1, 0x000026a8, "huffExtend"}, // 8
N	{0x000026c5, 0x00002916, "idctCols"}, // 9
N	{0x00002921, 0x00002a26, "idctRows"}, // 10
N	{0x000039ed, 0x00003cc2, "processMarkers"}, // 11
N	{0x00003cf9, 0x00003e0e, "transformBlock"}, // 12
N	{0x00003e15, 0x00004440, "transformBlockReduce"}, // 13
N	{0x00004449, 0x0000458a, "upsampleCb"}, // 14
N	{0x00004599, 0x0000465a, "upsampleCbH"}, // 15
N	{0x00004669, 0x0000472c, "upsampleCbV"}, // 16
N	{0x00004739, 0x0000487a, "upsampleCr"}, // 17
N	{0x00004889, 0x0000494a, "upsampleCrH"}, // 18
N	{0x00004959, 0x00004a1c, "upsampleCrV"}, // 19
N	{0x00002079, 0x0000212e, "dir_next"}, // 20
N	{0x00002165, 0x000023b0, "follow_path"}, // 21
N	{0x000000d5, 0x000000e0, "Reset_Handler"}, // 22
N	{0x000000e1, 0x000000e2, "NMI_Handler"}, // 23
N	{0x000000e3, 0x000000e4, "HardFault_Handler"}, // 24
N	{0x000000e5, 0x000000e6, "SVC_Handler"}, // 25
N	{0x000000e7, 0x000000e8, "PendSV_Handler"}, // 26
N	{0x000000e9, 0x000000ea, "SysTick_Handler"}, // 27
N	{0x0000014d, 0x00000180, "Control_RGB_LEDs"}, // 28
N	{0x00000189, 0x0000019c, "Delay"}, // 29
N	{0x000001a1, 0x000001a8, "Disable_Profiling"}, // 30
N	{0x000001ad, 0x0000026e, "Display_Profile"}, // 31
N	{0x000002c1, 0x000002c8, "Enable_Profiling"}, // 32
N	{0x000002cd, 0x00000310, "Init_DMA"}, // 33
N	{0x00000335, 0x00000382, "Init_Profiling"}, // 34
N	{0x00000395, 0x000003e6, "Init_RGB_LEDs"}, // 35
N	{0x00000411, 0x00000480, "LCD_Controller_Init"}, // 36
N	{0x00000485, 0x0000048e, "LCD_Erase"}, // 37
N	{0x00000495, 0x00000564, "LCD_Fill_Buffer"}, // 38
N	{0x00000569, 0x0000068c, "LCD_GPIO_Init"}, // 39
N	{0x0000069d, 0x000006ec, "LCD_Init"}, // 40
N	{0x00000705, 0x0000079a, "LCD_JPEG"}, // 41
N	{0x000007f5, 0x000008be, "LCD_Plot_Pixel"}, // 42
N	{0x000008c5, 0x000009c2, "LCD_Start_Rectangle"}, // 43
N	{0x000009c9, 0x000009f8, "LCD_TS_Blocking_Read"}, // 44
N	{0x000009f9, 0x00000a10, "LCD_TS_Init"}, // 45
N	{0x00000a19, 0x00000b9c, "LCD_TS_Read"}, // 46
N	{0x00000bb5, 0x00000bde, "LCD_Text_Init"}, // 47
N	{0x00000bf1, 0x00000d8c, "LCD_Text_PrintChar"}, // 48
N	{0x00000d99, 0x00000dde, "LCD_Text_PrintStr"}, // 49
N	{0x00000de5, 0x00000e36, "LCD_Text_PrintStr_RC"}, // 50
N	{0x00000e3d, 0x00000e5a, "LCD_Text_Set_Colors"}, // 51
N	{0x00000e65, 0x00000ed2, "LCD_Write_Rectangle_N_Qu"}, // 52
N	{0x00000ee5, 0x00000f28, "LCD_Write_Rectangle_Pixe"}, // 53
N	{0x00000fd9, 0x00001034, "PWM_Init"}, // 54
N	{0x00001045, 0x000010a2, "Process_Profile_Sample"}, // 55
N	{0x00001145, 0x000012f8, "SD_Init"}, // 56
N	{0x000012fd, 0x000013cc, "SD_Read"}, // 57
N	{0x000013dd, 0x000013e8, "SPI_CS_High"}, // 58
N	{0x000013ed, 0x000013f8, "SPI_CS_Low"}, // 59
N	{0x000013fd, 0x00001404, "SPI_Freq_High"}, // 60
N	{0x00001409, 0x00001448, "SPI_Init"}, // 61
N	{0x0000145d, 0x00001470, "SPI_RW"}, // 62
N	{0x00001475, 0x0000149c, "SPI_Release"}, // 63
N	{0x000014a1, 0x000014a8, "SPI_Timer_Off"}, // 64
N	{0x000014ad, 0x000014c6, "SPI_Timer_On"}, // 65
N	{0x000014d1, 0x000014dc, "SPI_Timer_Status"}, // 66
N	{0x000014e1, 0x00001578, "Sort_Profile_Regions"}, // 67
N	{0x00001589, 0x00001640, "SystemInit"}, // 68
N	{0x00001671, 0x0000167c, "TPM0_IRQHandler"}, // 69
N	{0x00001681, 0x000016d8, "UART0_IRQHandler"}, // 70
N	{0x00002135, 0x00002144, "disk_initialize"}, // 71
N	{0x00002149, 0x00002160, "disk_readp"}, // 72
N	{0x000023b9, 0x00002408, "free"}, // 73
N	{0x00002a31, 0x00002ae6, "main"}, // 74
N	{0x00002b4d, 0x00002ba8, "malloc"}, // 75
N	{0x00002bb9, 0x00002d6c, "pf_mount"}, // 76
N	{0x00002d7d, 0x00002e02, "pf_open"}, // 77
N	{0x00002e09, 0x00002e9a, "pf_opendir"}, // 78
N	{0x00002ea1, 0x00002fb6, "pf_read"}, // 79
N	{0x00002fbd, 0x000031b2, "pf_readdir"}, // 80
N	{0x000031b9, 0x00003682, "pjpeg_decode_init"}, // 81
N	{0x0000369d, 0x000036d0, "pjpeg_decode_mcu"}, // 82
N	{0x000036d5, 0x000039b8, "pjpeg_load_from_file"}, // 83
N	{0x000039c1, 0x000039e6, "pjpeg_need_bytes_callbac"}, // 84
N}; 
Nconst unsigned NumProfileRegions=85;
Nvolatile unsigned RegionCount[85];
Nunsigned SortedRegions[85];
